<?xml version="1.0" encoding="UTF-8" ?>
<testsuite tests="10" failures="0" name="airport.AirportManagerTest" time="1.889" errors="0" skipped="0">
  <properties>
[...]
</properties>
  <testcase classname="airport.AirportManagerTest" name="testListCountries" time="1.58"/>
  <testcase classname="airport.AirportManagerTest" name="testListAirportsByCountry" time="0.049"/>
  <testcase classname="airport.AirportManagerTest" name="testListAirportsByName" time="0.043"/>
  <testcase classname="airport.AirportManagerTest" name="testListAirportsBySize" time="0.04"/>
  <testcase classname="airport.AirportManagerTest" name="testGetRandomAirport" time="0.033"/>
  <testcase classname="airport.AirportManagerTest" name="testListAirportsByRunways" time="0.025"/>
  <testcase classname="airport.AirportManagerTest" name="testListAllRegions" time="0.023"/>
  <testcase classname="airport.AirportManagerTest" name="testListAllNavaids" time="0.025"/>
  <testcase classname="airport.AirportManagerTest" name="testListAirports" time="0.039"/>
  <testcase classname="airport.AirportManagerTest" name="findListAirportsByContinents" time="0.032"/>
</testsuite>